[2021-07-22 08:41:24 : INFO] - Could not find file for image: ID=604, file=/home/ubuntu/keelapps/wordePress/wp-website/wp-content/uploads/2021/05/Group-8.png 
[2021-07-22 08:41:24 : INFO] - Could not find file for image: ID=603, file=/home/ubuntu/keelapps/wordePress/wp-website/wp-content/uploads/2021/05/Group-7.png 
[2021-07-22 08:41:24 : INFO] - Could not find file for image: ID=580, file=/home/ubuntu/keelapps/wordePress/wp-website/wp-content/uploads/2021/05/logo-black.png 
[2021-07-22 08:41:24 : INFO] - Could not find file for image: ID=573, file=/home/ubuntu/keelapps/wordePress/wp-website/wp-content/uploads/2021/05/asset1.png 
[2021-07-22 08:41:24 : INFO] - Could not find file for image: ID=574, file=/home/ubuntu/keelapps/wordePress/wp-website/wp-content/uploads/2021/05/asset3.png 
[2021-07-22 08:41:24 : INFO] - Could not find file for image: ID=516, file=/home/ubuntu/keelapps/wordePress/wp-website/wp-content/uploads/2021/05/kutip.png 
[2021-07-22 08:41:24 : INFO] - Could not find file for image: ID=515, file=/home/ubuntu/keelapps/wordePress/wp-website/wp-content/uploads/2021/05/ilus-dua.png 
[2021-07-22 08:41:24 : INFO] - Could not find file for image: ID=514, file=/home/ubuntu/keelapps/wordePress/wp-website/wp-content/uploads/2021/05/avatar-1-1.png 
[2021-07-22 08:41:24 : INFO] - Could not find file for image: ID=513, file=/home/ubuntu/keelapps/wordePress/wp-website/wp-content/uploads/2021/05/logoipsum-empat.png 
[2021-07-22 08:41:24 : INFO] - Could not find file for image: ID=511, file=/home/ubuntu/keelapps/wordePress/wp-website/wp-content/uploads/2021/05/logoipsumdua.png 
[2021-07-22 08:41:24 : INFO] - Could not find file for image: ID=512, file=/home/ubuntu/keelapps/wordePress/wp-website/wp-content/uploads/2021/05/logoipsum-satu.png 
[2021-07-22 08:41:24 : INFO] - Could not find file for image: ID=510, file=/home/ubuntu/keelapps/wordePress/wp-website/wp-content/uploads/2021/05/logoipusum-tiga.png 
[2021-07-22 08:41:24 : INFO] - Could not find file for image: ID=509, file=/home/ubuntu/keelapps/wordePress/wp-website/wp-content/uploads/2021/05/awward-satu.png 
[2021-07-22 08:41:24 : INFO] - Could not find file for image: ID=508, file=/home/ubuntu/keelapps/wordePress/wp-website/wp-content/uploads/2021/05/img-1.jpg 
[2021-07-22 08:41:24 : INFO] - Could not find file for image: ID=507, file=/home/ubuntu/keelapps/wordePress/wp-website/wp-content/uploads/2021/05/ilust-13-1.png 
[2021-07-22 08:41:24 : INFO] - Could not find file for image: ID=505, file=/home/ubuntu/keelapps/wordePress/wp-website/wp-content/uploads/2021/05/feature-satu.png 
[2021-07-22 08:41:24 : INFO] - Could not find file for image: ID=506, file=/home/ubuntu/keelapps/wordePress/wp-website/wp-content/uploads/2021/05/ilust-14.png 
[2021-07-22 08:41:24 : INFO] - Could not find file for image: ID=504, file=/home/ubuntu/keelapps/wordePress/wp-website/wp-content/uploads/2021/05/icon-tiga.png 
[2021-07-22 08:41:24 : INFO] - Could not find file for image: ID=502, file=/home/ubuntu/keelapps/wordePress/wp-website/wp-content/uploads/2021/05/icon-satu.png 
[2021-07-22 08:41:24 : INFO] - Could not find file for image: ID=503, file=/home/ubuntu/keelapps/wordePress/wp-website/wp-content/uploads/2021/05/icon-dua.png 
[2021-07-22 08:42:01 : INFO] - Could not find file for image: ID=604, file=/home/ubuntu/keelapps/wordePress/wp-website/wp-content/uploads/2021/05/Group-8.png 
[2021-07-22 08:42:01 : INFO] - Could not find file for image: ID=603, file=/home/ubuntu/keelapps/wordePress/wp-website/wp-content/uploads/2021/05/Group-7.png 
[2021-07-22 08:42:01 : INFO] - Could not find file for image: ID=580, file=/home/ubuntu/keelapps/wordePress/wp-website/wp-content/uploads/2021/05/logo-black.png 
[2021-07-22 08:42:01 : INFO] - Could not find file for image: ID=573, file=/home/ubuntu/keelapps/wordePress/wp-website/wp-content/uploads/2021/05/asset1.png 
[2021-07-22 08:42:01 : INFO] - Could not find file for image: ID=574, file=/home/ubuntu/keelapps/wordePress/wp-website/wp-content/uploads/2021/05/asset3.png 
[2021-07-22 08:42:01 : INFO] - Could not find file for image: ID=516, file=/home/ubuntu/keelapps/wordePress/wp-website/wp-content/uploads/2021/05/kutip.png 
[2021-07-22 08:42:01 : INFO] - Could not find file for image: ID=515, file=/home/ubuntu/keelapps/wordePress/wp-website/wp-content/uploads/2021/05/ilus-dua.png 
[2021-07-22 08:42:01 : INFO] - Could not find file for image: ID=514, file=/home/ubuntu/keelapps/wordePress/wp-website/wp-content/uploads/2021/05/avatar-1-1.png 
[2021-07-22 08:42:01 : INFO] - Could not find file for image: ID=513, file=/home/ubuntu/keelapps/wordePress/wp-website/wp-content/uploads/2021/05/logoipsum-empat.png 
[2021-07-22 08:42:01 : INFO] - Could not find file for image: ID=511, file=/home/ubuntu/keelapps/wordePress/wp-website/wp-content/uploads/2021/05/logoipsumdua.png 
[2021-07-22 08:42:01 : INFO] - Could not find file for image: ID=512, file=/home/ubuntu/keelapps/wordePress/wp-website/wp-content/uploads/2021/05/logoipsum-satu.png 
[2021-07-22 08:42:01 : INFO] - Could not find file for image: ID=510, file=/home/ubuntu/keelapps/wordePress/wp-website/wp-content/uploads/2021/05/logoipusum-tiga.png 
[2021-07-22 08:42:01 : INFO] - Could not find file for image: ID=509, file=/home/ubuntu/keelapps/wordePress/wp-website/wp-content/uploads/2021/05/awward-satu.png 
[2021-07-22 08:42:01 : INFO] - Could not find file for image: ID=508, file=/home/ubuntu/keelapps/wordePress/wp-website/wp-content/uploads/2021/05/img-1.jpg 
[2021-07-22 08:42:01 : INFO] - Could not find file for image: ID=507, file=/home/ubuntu/keelapps/wordePress/wp-website/wp-content/uploads/2021/05/ilust-13-1.png 
[2021-07-22 08:42:01 : INFO] - Could not find file for image: ID=505, file=/home/ubuntu/keelapps/wordePress/wp-website/wp-content/uploads/2021/05/feature-satu.png 
[2021-07-22 08:42:01 : INFO] - Could not find file for image: ID=506, file=/home/ubuntu/keelapps/wordePress/wp-website/wp-content/uploads/2021/05/ilust-14.png 
[2021-07-22 08:42:01 : INFO] - Could not find file for image: ID=504, file=/home/ubuntu/keelapps/wordePress/wp-website/wp-content/uploads/2021/05/icon-tiga.png 
[2021-07-22 08:42:01 : INFO] - Could not find file for image: ID=502, file=/home/ubuntu/keelapps/wordePress/wp-website/wp-content/uploads/2021/05/icon-satu.png 
[2021-07-22 08:42:01 : INFO] - Could not find file for image: ID=503, file=/home/ubuntu/keelapps/wordePress/wp-website/wp-content/uploads/2021/05/icon-dua.png 
